<?xml version="1.0" encoding="UTF-8"?>
<!-- Generated by org.testng.reporters.JUnitXMLReporter -->
<testsuite ignored="0" hostname="Maneesh" failures="0" tests="4" name="Test" time="10.331" errors="0" timestamp="2025-05-13T19:37:58 IST">
  <testcase classname="testScript.LoginTest" name="verifyUserLoginWithValidUserCredentials" time="1.077"/>
  <testcase classname="testScript.LoginTest" name="verifyUserLoginWithValidUsernameAndInvalidPassword" time="1.02"/>
  <testcase classname="testScript.LoginTest" name="verifyLoginWithInvalidUsernameAndValidPassword" time="0.416"/>
  <testcase classname="testScript.LoginTest" name="verifyUserLoginWithInvalidCredentials" time="0.623"/>
</testsuite> <!-- Test -->
