<?xml version="1.0" encoding="UTF-8"?>
<testng-results ignored="0" total="4" passed="4" failed="0" skipped="0">
  <reporter-output>
  </reporter-output>
  <suite started-at="2025-05-13T19:37:47 IST" name="Suite" finished-at="2025-05-13T19:37:58 IST" duration-ms="10331">
    <groups>
      <group name="smoke">
        <method signature="LoginTest.verifyUserLoginWithValidUsernameAndInvalidPassword()[pri:2, instance:testScript.LoginTest@4c2bb6e0]" name="verifyUserLoginWithValidUsernameAndInvalidPassword" class="testScript.LoginTest"/>
        <method signature="LoginTest.verifyUserLoginWithInvalidCredentials()[pri:4, instance:testScript.LoginTest@4c2bb6e0]" name="verifyUserLoginWithInvalidCredentials" class="testScript.LoginTest"/>
      </group> <!-- smoke -->
    </groups>
    <test started-at="2025-05-13T19:37:47 IST" name="Test" finished-at="2025-05-13T19:37:58 IST" duration-ms="10331">
      <class name="testScript.LoginTest">
        <test-method is-config="true" signature="initializeBrowser(java.lang.String)[pri:0, instance:testScript.LoginTest@4c2bb6e0]" started-at="2025-05-13T19:37:47 IST" name="initializeBrowser" finished-at="2025-05-13T19:37:49 IST" duration-ms="2015" status="PASS">
          <params>
            <param index="0">
              <value>
                <![CDATA[chrome]]>
              </value>
            </param>
          </params>
          <reporter-output>
          </reporter-output>
        </test-method> <!-- initializeBrowser -->
        <test-method signature="verifyUserLoginWithValidUserCredentials()[pri:1, instance:testScript.LoginTest@4c2bb6e0]" started-at="2025-05-13T19:37:49 IST" name="verifyUserLoginWithValidUserCredentials" description="verifying whether the user is able to login with valid credentials" finished-at="2025-05-13T19:37:50 IST" duration-ms="1077" status="PASS">
          <reporter-output>
          </reporter-output>
        </test-method> <!-- verifyUserLoginWithValidUserCredentials -->
        <test-method is-config="true" signature="driverQuit(org.testng.ITestResult)[pri:0, instance:testScript.LoginTest@4c2bb6e0]" started-at="2025-05-13T19:37:50 IST" name="driverQuit" finished-at="2025-05-13T19:37:51 IST" duration-ms="133" status="PASS">
          <params>
            <param index="0">
              <value>
                <![CDATA[[TestResult name=verifyUserLoginWithValidUserCredentials status=SUCCESS method=LoginTest.verifyUserLoginWithValidUserCredentials()[pri:1, instance:testScript.LoginTest@4c2bb6e0] output={null}]]]>
              </value>
            </param>
          </params>
          <reporter-output>
          </reporter-output>
        </test-method> <!-- driverQuit -->
        <test-method is-config="true" signature="initializeBrowser(java.lang.String)[pri:0, instance:testScript.LoginTest@4c2bb6e0]" started-at="2025-05-13T19:37:51 IST" name="initializeBrowser" finished-at="2025-05-13T19:37:52 IST" duration-ms="1590" status="PASS">
          <params>
            <param index="0">
              <value>
                <![CDATA[chrome]]>
              </value>
            </param>
          </params>
          <reporter-output>
          </reporter-output>
        </test-method> <!-- initializeBrowser -->
        <test-method signature="verifyUserLoginWithValidUsernameAndInvalidPassword()[pri:2, instance:testScript.LoginTest@4c2bb6e0]" started-at="2025-05-13T19:37:52 IST" name="verifyUserLoginWithValidUsernameAndInvalidPassword" description="Verify Whether User IS Able To Login With Valid Username And Invalid Password" finished-at="2025-05-13T19:37:53 IST" duration-ms="1020" status="PASS">
          <reporter-output>
          </reporter-output>
        </test-method> <!-- verifyUserLoginWithValidUsernameAndInvalidPassword -->
        <test-method is-config="true" signature="driverQuit(org.testng.ITestResult)[pri:0, instance:testScript.LoginTest@4c2bb6e0]" started-at="2025-05-13T19:37:53 IST" name="driverQuit" finished-at="2025-05-13T19:37:53 IST" duration-ms="87" status="PASS">
          <params>
            <param index="0">
              <value>
                <![CDATA[[TestResult name=verifyUserLoginWithValidUsernameAndInvalidPassword status=SUCCESS method=LoginTest.verifyUserLoginWithValidUsernameAndInvalidPassword()[pri:2, instance:testScript.LoginTest@4c2bb6e0] output={null}]]]>
              </value>
            </param>
          </params>
          <reporter-output>
          </reporter-output>
        </test-method> <!-- driverQuit -->
        <test-method is-config="true" signature="initializeBrowser(java.lang.String)[pri:0, instance:testScript.LoginTest@4c2bb6e0]" started-at="2025-05-13T19:37:53 IST" name="initializeBrowser" finished-at="2025-05-13T19:37:55 IST" duration-ms="1508" status="PASS">
          <params>
            <param index="0">
              <value>
                <![CDATA[chrome]]>
              </value>
            </param>
          </params>
          <reporter-output>
          </reporter-output>
        </test-method> <!-- initializeBrowser -->
        <test-method signature="verifyLoginWithInvalidUsernameAndValidPassword(java.lang.String,java.lang.String)[pri:3, instance:testScript.LoginTest@4c2bb6e0]" started-at="2025-05-13T19:37:55 IST" name="verifyLoginWithInvalidUsernameAndValidPassword" description="Verify Whether User Is able To Login With INvalid Username ANd Valid Password" data-provider="loginProvider" finished-at="2025-05-13T19:37:55 IST" duration-ms="416" status="PASS">
          <params>
            <param index="0">
              <value>
                <![CDATA[123]]>
              </value>
            </param>
            <param index="1">
              <value>
                <![CDATA[admin]]>
              </value>
            </param>
          </params>
          <reporter-output>
          </reporter-output>
        </test-method> <!-- verifyLoginWithInvalidUsernameAndValidPassword -->
        <test-method is-config="true" signature="driverQuit(org.testng.ITestResult)[pri:0, instance:testScript.LoginTest@4c2bb6e0]" started-at="2025-05-13T19:37:55 IST" name="driverQuit" finished-at="2025-05-13T19:37:55 IST" duration-ms="92" status="PASS">
          <params>
            <param index="0">
              <value>
                <![CDATA[[TestResult name=verifyLoginWithInvalidUsernameAndValidPassword status=SUCCESS method=LoginTest.verifyLoginWithInvalidUsernameAndValidPassword(java.lang.String,java.lang.String)[pri:3, instance:testScript.LoginTest@4c2bb6e0] output={null}]]]>
              </value>
            </param>
          </params>
          <reporter-output>
          </reporter-output>
        </test-method> <!-- driverQuit -->
        <test-method is-config="true" signature="initializeBrowser(java.lang.String)[pri:0, instance:testScript.LoginTest@4c2bb6e0]" started-at="2025-05-13T19:37:55 IST" name="initializeBrowser" finished-at="2025-05-13T19:37:57 IST" duration-ms="1594" status="PASS">
          <params>
            <param index="0">
              <value>
                <![CDATA[chrome]]>
              </value>
            </param>
          </params>
          <reporter-output>
          </reporter-output>
        </test-method> <!-- initializeBrowser -->
        <test-method signature="verifyUserLoginWithInvalidCredentials()[pri:4, instance:testScript.LoginTest@4c2bb6e0]" started-at="2025-05-13T19:37:57 IST" name="verifyUserLoginWithInvalidCredentials" description="Verify user Login With invalid Username and Invalid Password" finished-at="2025-05-13T19:37:57 IST" duration-ms="623" status="PASS">
          <reporter-output>
          </reporter-output>
        </test-method> <!-- verifyUserLoginWithInvalidCredentials -->
        <test-method is-config="true" signature="driverQuit(org.testng.ITestResult)[pri:0, instance:testScript.LoginTest@4c2bb6e0]" started-at="2025-05-13T19:37:57 IST" name="driverQuit" finished-at="2025-05-13T19:37:58 IST" duration-ms="131" status="PASS">
          <params>
            <param index="0">
              <value>
                <![CDATA[[TestResult name=verifyUserLoginWithInvalidCredentials status=SUCCESS method=LoginTest.verifyUserLoginWithInvalidCredentials()[pri:4, instance:testScript.LoginTest@4c2bb6e0] output={null}]]]>
              </value>
            </param>
          </params>
          <reporter-output>
          </reporter-output>
        </test-method> <!-- driverQuit -->
      </class> <!-- testScript.LoginTest -->
    </test> <!-- Test -->
  </suite> <!-- Suite -->
</testng-results>
