<?xml version="1.0" encoding="UTF-8"?>
<!-- Generated by org.testng.reporters.JUnitXMLReporter -->
<testsuite ignored="2" hostname="Maneesh" failures="0" tests="2" name="test1" time="9.176" errors="0" timestamp="2025-05-10T19:25:44 IST">
  <testcase classname="testScript.LoginTest" name="verifyUserLoginWithValidUsernameAndInvalidPassword" time="1.008"/>
  <testcase classname="testScript.LoginTest" name="verifyUserLoginWithInvalidCredentials" time="0.686"/>
  <testcase classname="testScript.LoginTest" name="verifyUserLoginWithValidUserCredentials" time="0.0">
    <ignored/>
  </testcase> <!-- verifyUserLoginWithValidUserCredentials -->
  <testcase classname="testScript.LoginTest" name="verifyLoginWithInvalidUsernameAndValidPassword" time="0.0">
    <ignored/>
  </testcase> <!-- verifyLoginWithInvalidUsernameAndValidPassword -->
</testsuite> <!-- test1 -->
