<?xml version="1.0" encoding="UTF-8"?>
<!-- Generated by org.testng.reporters.JUnitXMLReporter -->
<testsuite ignored="3" hostname="Maneesh" failures="0" tests="1" name="test2" time="7.295" errors="0" timestamp="2025-05-10T19:30:22 IST">
  <testcase classname="testScript.LoginTest" name="verifyUserLoginWithInvalidCredentials" time="0.641"/>
  <testcase classname="testScript.LoginTest" name="verifyUserLoginWithValidUsernameAndInvalidPassword" time="0.0">
    <ignored/>
  </testcase> <!-- verifyUserLoginWithValidUsernameAndInvalidPassword -->
  <testcase classname="testScript.LoginTest" name="verifyUserLoginWithValidUserCredentials" time="0.0">
    <ignored/>
  </testcase> <!-- verifyUserLoginWithValidUserCredentials -->
  <testcase classname="testScript.LoginTest" name="verifyLoginWithInvalidUsernameAndValidPassword" time="0.0">
    <ignored/>
  </testcase> <!-- verifyLoginWithInvalidUsernameAndValidPassword -->
</testsuite> <!-- test2 -->
